<?xml version="1.0" encoding="UTF-8"?>
<testsuite name="com.indico.toolkit.TestAssociation" tests="1" skipped="0" failures="0" errors="0" timestamp="2021-09-02T17:18:39" hostname="scott-XPS-15-7590" time="0.008">
  <properties/>
  <testcase name="testNumberPredictions()" classname="com.indico.toolkit.TestAssociation" time="0.008"/>
  <system-out><![CDATA[]]></system-out>
  <system-err><![CDATA[]]></system-err>
</testsuite>
